<?xml version="1.0" encoding="UTF-8"?>
<!-- Generated by org.testng.reporters.JUnitXMLReporter -->
<testsuite ignored="2" hostname="DESKTOP-96NNTLC" failures="0" tests="0" time="0.47" errors="0" timestamp="2022-10-13T22:51:05 IST">
  <testcase classname="UdemySelenium.Tests._03ErrorValidationTest" name="LoginErrorValidation" time="0.0">
    <ignored/>
  </testcase> <!-- LoginErrorValidation -->
  <testcase classname="UdemySelenium.Tests._03ErrorValidationTest" name="ProductErrorValidation" time="0.0">
    <ignored/>
  </testcase> <!-- ProductErrorValidation -->
</testsuite>
