<?xml version="1.0" encoding="UTF-8"?>
<!-- Generated by org.testng.reporters.JUnitXMLReporter -->
<testsuite ignored="0" hostname="DESKTOP-96NNTLC" failures="0" tests="4" name="Order Place Test" time="94.022" errors="0" timestamp="2022-10-13T22:52:36 IST">
  <testcase classname="UdemySelenium.Tests._02OrderPlaceTest" name="OrderPlace" time="10.584"/>
  <testcase classname="UdemySelenium.Tests._02OrderPlaceTest" name="OrderPlace" time="9.916"/>
  <testcase classname="UdemySelenium.Tests._02OrderPlaceTest" name="OrderHistory" time="1.25"/>
  <testcase classname="UdemySelenium.Tests._02OrderPlaceTest" name="OrderHistory" time="1.068"/>
</testsuite> <!-- Order Place Test -->
