<?xml version="1.0" encoding="UTF-8"?>
<!-- Generated by org.testng.reporters.JUnitXMLReporter -->
<testsuite hostname="DESKTOP-96NNTLC" ignored="0" name="Test" tests="1" failures="1" timestamp="02 Oct 2022 15:20:09 GMT" time="0.092" errors="0">
  <testcase name="orderPlace" time="0.026" classname="UdemySelenium.Tests._02OrderPlaceTest">
    <failure type="java.lang.NullPointerException">
      <![CDATA[java.lang.NullPointerException
at UdemySelenium.TestComponents.BaseTest.initializeDriver(BaseTest.java:46)
at UdemySelenium.TestComponents.BaseTest.launchApplication(BaseTest.java:55)
at UdemySelenium.Tests._02OrderPlaceTest.orderPlace(_02OrderPlaceTest.java:31)
... Removed 25 stack frames]]>
    </failure>
  </testcase> <!-- orderPlace -->
</testsuite> <!-- Test -->
