<?xml version="1.0" encoding="UTF-8"?>
<!-- Generated by org.testng.reporters.JUnitXMLReporter -->
<testsuite hostname="DESKTOP-96NNTLC" ignored="0" name="Order Place Test" tests="5" failures="0" timestamp="2022-10-11T20:37:47 IST" time="355.742" errors="0">
  <testcase name="OrderPlace" time="24.553" classname="UdemySelenium.Tests._02OrderPlaceTest">
    <skipped/>
  </testcase> <!-- OrderPlace -->
  <testcase name="OrderPlace" time="17.241" classname="UdemySelenium.Tests._02OrderPlaceTest"/>
  <testcase name="OrderPlace" time="27.562" classname="UdemySelenium.Tests._02OrderPlaceTest"/>
  <testcase name="OrderHistory" time="2.133" classname="UdemySelenium.Tests._02OrderPlaceTest"/>
  <testcase name="OrderHistory" time="0.939" classname="UdemySelenium.Tests._02OrderPlaceTest"/>
</testsuite> <!-- Order Place Test -->
